BleSensorTag/build/outputs/logs/manifest-merger-debug-report.txt
-- Merging decision tree log ---
manifest
ADDED from src\main\AndroidManifest.xml:2:1-89:12
	xmlns:android
		ADDED from src\main\AndroidManifest.xml:2:11-69
	package
		ADDED from src\main\AndroidManifest.xml:3:5-43
		INJECTED from src\main\AndroidManifest.xml
		INJECTED from src\main\AndroidManifest.xml
	android:versionName
		ADDED from src\main\AndroidManifest.xml:5:5-30
	android:versionCode
		ADDED from src\main\AndroidManifest.xml:4:5-28
		INJECTED from src\main\AndroidManifest.xml
		INJECTED from src\main\AndroidManifest.xml
uses-sdk
ADDED from src\main\AndroidManifest.xml:7:5-9:41
	android:targetSdkVersion
		ADDED from src\main\AndroidManifest.xml:9:9-38
		INJECTED from src\main\AndroidManifest.xml
		INJECTED from src\main\AndroidManifest.xml
	android:minSdkVersion
		ADDED from src\main\AndroidManifest.xml:8:9-35
		INJECTED from src\main\AndroidManifest.xml
		INJECTED from src\main\AndroidManifest.xml
uses-permission#android.permission.BLUETOOTH
ADDED from src\main\AndroidManifest.xml:11:5-68
	android:name
		ADDED from src\main\AndroidManifest.xml:11:22-65
uses-permission#android.permission.BLUETOOTH_ADMIN
ADDED from src\main\AndroidManifest.xml:12:5-74
	android:name
		ADDED from src\main\AndroidManifest.xml:12:22-71
uses-permission#android.permission.INTERNET
ADDED from src\main\AndroidManifest.xml:13:5-67
	android:name
		ADDED from src\main\AndroidManifest.xml:13:22-64
uses-permission#android.permission.READ_EXTERNAL_STORAGE
ADDED from src\main\AndroidManifest.xml:14:5-80
	android:name
		ADDED from src\main\AndroidManifest.xml:14:22-77
uses-permission#android.permission.WAKE_LOCK
ADDED from src\main\AndroidManifest.xml:16:5-68
	android:name
		ADDED from src\main\AndroidManifest.xml:16:22-65
uses-permission#android.permission.ACCESS_NETWORK_STATE
ADDED from src\main\AndroidManifest.xml:17:5-79
	android:name
		ADDED from src\main\AndroidManifest.xml:17:22-76
uses-feature#android.hardware.bluetooth_le
ADDED from src\main\AndroidManifest.xml:19:5-21:35
	android:required
		ADDED from src\main\AndroidManifest.xml:21:9-32
	android:name
		ADDED from src\main\AndroidManifest.xml:20:9-53
android:uses-permission#android.permission.WRITE_EXTERNAL_STORAGE
ADDED from src\main\AndroidManifest.xml:23:5-89
	android:name
		ADDED from src\main\AndroidManifest.xml:23:30-86
android:uses-permission#android.permission.READ_PHONE_STATE
ADDED from src\main\AndroidManifest.xml:24:5-83
	android:name
		ADDED from src\main\AndroidManifest.xml:24:30-80
application
ADDED from src\main\AndroidManifest.xml:26:5-87:19
	android:label
		ADDED from src\main\AndroidManifest.xml:30:9-41
	android:allowBackup
		ADDED from src\main\AndroidManifest.xml:28:9-36
	android:icon
		ADDED from src\main\AndroidManifest.xml:29:9-39
	android:theme
		ADDED from src\main\AndroidManifest.xml:31:9-56
	android:name
		ADDED from src\main\AndroidManifest.xml:27:9-50
service#com.example.ti.ble.common.BluetoothLeService
ADDED from src\main\AndroidManifest.xml:32:9-34:38
	android:enabled
		ADDED from src\main\AndroidManifest.xml:34:13-35
	android:name
		ADDED from src\main\AndroidManifest.xml:33:13-72
service#org.eclipse.paho.android.service.MqttService
ADDED from src\main\AndroidManifest.xml:35:9-37:38
	android:enabled
		ADDED from src\main\AndroidManifest.xml:37:13-35
	android:name
		ADDED from src\main\AndroidManifest.xml:36:13-72
activity#com.example.ti.ble.sensortag.MainActivity
ADDED from src\main\AndroidManifest.xml:39:9-50:20
	android:screenOrientation
		ADDED from src\main\AndroidManifest.xml:43:13-52
	android:label
		ADDED from src\main\AndroidManifest.xml:42:13-45
	android:configChanges
		ADDED from src\main\AndroidManifest.xml:41:13-74
	android:name
		ADDED from src\main\AndroidManifest.xml:40:13-41
intent-filter#android.intent.action.MAIN+android.intent.category.DEFAULT+android.intent.category.LAUNCHER
ADDED from src\main\AndroidManifest.xml:44:13-49:29
action#android.intent.action.MAIN
ADDED from src\main\AndroidManifest.xml:45:17-69
	android:name
		ADDED from src\main\AndroidManifest.xml:45:25-66
category#android.intent.category.DEFAULT
ADDED from src\main\AndroidManifest.xml:47:17-76
	android:name
		ADDED from src\main\AndroidManifest.xml:47:27-73
category#android.intent.category.LAUNCHER
ADDED from src\main\AndroidManifest.xml:48:17-77
	android:name
		ADDED from src\main\AndroidManifest.xml:48:27-74
activity#com.example.ti.ble.sensortag.DeviceActivity
ADDED from src\main\AndroidManifest.xml:51:9-55:55
	android:screenOrientation
		ADDED from src\main\AndroidManifest.xml:55:13-52
	android:configChanges
		ADDED from src\main\AndroidManifest.xml:53:13-74
	android:parentActivityName
		ADDED from src\main\AndroidManifest.xml:54:13-55
	android:name
		ADDED from src\main\AndroidManifest.xml:52:13-43
activity#com.example.ti.ble.sensortag.FwUpdateActivity
ADDED from src\main\AndroidManifest.xml:56:9-60:55
	android:screenOrientation
		ADDED from src\main\AndroidManifest.xml:60:13-52
	android:configChanges
		ADDED from src\main\AndroidManifest.xml:58:13-74
	android:parentActivityName
		ADDED from src\main\AndroidManifest.xml:59:13-57
	android:name
		ADDED from src\main\AndroidManifest.xml:57:13-45
activity#com.example.ti.ble.sensortag.FwUpdateActivity_CC26xx
ADDED from src\main\AndroidManifest.xml:61:9-65:55
	android:screenOrientation
		ADDED from src\main\AndroidManifest.xml:65:13-52
	android:configChanges
		ADDED from src\main\AndroidManifest.xml:63:13-74
	android:parentActivityName
		ADDED from src\main\AndroidManifest.xml:64:13-57
	android:name
		ADDED from src\main\AndroidManifest.xml:62:13-52
activity#com.example.ti.ble.sensortag.FileActivity
ADDED from src\main\AndroidManifest.xml:66:9-70:55
	android:screenOrientation
		ADDED from src\main\AndroidManifest.xml:70:13-52
	android:configChanges
		ADDED from src\main\AndroidManifest.xml:68:13-74
	android:parentActivityName
		ADDED from src\main\AndroidManifest.xml:69:13-59
	android:name
		ADDED from src\main\AndroidManifest.xml:67:13-41
activity#com.example.ti.ble.sensortag.PreferencesActivity
ADDED from src\main\AndroidManifest.xml:71:9-76:55
	android:screenOrientation
		ADDED from src\main\AndroidManifest.xml:76:13-52
	android:label
		ADDED from src\main\AndroidManifest.xml:74:13-40
	android:configChanges
		ADDED from src\main\AndroidManifest.xml:73:13-74
	android:parentActivityName
		ADDED from src\main\AndroidManifest.xml:75:13-57
	android:name
		ADDED from src\main\AndroidManifest.xml:72:13-48
activity#com.example.ti.ble.sensortag.fwSelectorView
ADDED from src\main\AndroidManifest.xml:77:9-81:55
	android:screenOrientation
		ADDED from src\main\AndroidManifest.xml:81:13-52
	android:configChanges
		ADDED from src\main\AndroidManifest.xml:79:13-74
	android:parentActivityName
		ADDED from src\main\AndroidManifest.xml:80:13-66
	android:name
		ADDED from src\main\AndroidManifest.xml:78:13-43
service#com.example.ti.audio.audioServiceKarel
ADDED from src\main\AndroidManifest.xml:83:9-86:47
	android:exported
		ADDED from src\main\AndroidManifest.xml:86:13-36
	android:enabled
		ADDED from src\main\AndroidManifest.xml:85:13-35
	android:name
		ADDED from src\main\AndroidManifest.xml:84:13-66